2021-01-21 04:43:20  INFO [main] com.infy.irs.InfyGoUserMSApplication [logStarting] - Starting InfyGoUserMSApplication on DESKTOP-DMHO0MM with PID 13300 (E:\SpringMicroservicesWorkspace\InfyGoBoot_User_MS\target\classes started by Annamalai in E:\SpringMicroservicesWorkspace\InfyGoBoot_User_MS)
2021-01-21 04:43:21  INFO [main] com.infy.irs.InfyGoUserMSApplication [logStartupProfileInfo] - No active profile set, falling back to default profiles: default
2021-01-21 04:43:21  INFO [main] org.springframework.boot.web.servlet.context.AnnotationConfigServletWebServerApplicationContext [prepareRefresh] - Refreshing org.springframework.boot.web.servlet.context.AnnotationConfigServletWebServerApplicationContext@f6efaab: startup date [Thu Jan 21 10:13:21 IST 2021]; root of context hierarchy
2021-01-21 04:43:29  INFO [main] org.springframework.data.repository.config.RepositoryConfigurationDelegate [multipleStoresDetected] - Multiple Spring Data modules found, entering strict repository configuration mode!
2021-01-21 04:43:29  INFO [main] org.springframework.data.repository.config.RepositoryConfigurationDelegate [multipleStoresDetected] - Multiple Spring Data modules found, entering strict repository configuration mode!
2021-01-21 04:43:30  INFO [main] org.springframework.data.repository.config.RepositoryConfigurationExtensionSupport [isStrictRepositoryCandidate] - Spring Data Redis - Could not safely identify store assignment for repository candidate interface com.infy.irs.repository.CustomerRepository.
2021-01-21 04:43:31  INFO [main] org.springframework.context.support.PostProcessorRegistrationDelegate$BeanPostProcessorChecker [postProcessAfterInitialization] - Bean 'org.springframework.transaction.annotation.ProxyTransactionManagementConfiguration' of type [org.springframework.transaction.annotation.ProxyTransactionManagementConfiguration$$EnhancerBySpringCGLIB$$c54788c9] is not eligible for getting processed by all BeanPostProcessors (for example: not eligible for auto-proxying)
2021-01-21 04:43:34  INFO [main] org.springframework.boot.web.embedded.tomcat.TomcatWebServer [initialize] - Tomcat initialized with port(s): 8001 (http)
2021-01-21 04:43:35  INFO [main] org.apache.catalina.core.StandardService [log] - Starting service [Tomcat]
2021-01-21 04:43:35  INFO [main] org.apache.catalina.core.StandardEngine [log] - Starting Servlet Engine: Apache Tomcat/8.5.29
2021-01-21 04:43:35  INFO [localhost-startStop-1] org.apache.catalina.core.AprLifecycleListener [log] - The APR based Apache Tomcat Native library which allows optimal performance in production environments was not found on the java.library.path: [C:\Program Files\Java\jre1.8.0_241\bin;C:\Windows\Sun\Java\bin;C:\Windows\system32;C:\Windows;C:/Program Files/Java/jre1.8.0_241/bin/server;C:/Program Files/Java/jre1.8.0_241/bin;C:/Program Files/Java/jre1.8.0_241/lib/amd64;C:\Program Files (x86)\Common Files\Oracle\Java\javapath;C:\Windows\system32;C:\Windows;C:\Windows\System32\Wbem;C:\Windows\System32\WindowsPowerShell\v1.0\;C:\Windows\System32\OpenSSH\;C:\Program Files\nodejs\;C:\Program Files\MySQL\MySQL Shell 8.0\bin\;C:\Users\Annamalai\AppData\Local\Microsoft\WindowsApps;C:\Users\Annamalai\AppData\Roaming\npm;C:\Users\Annamalai\AppData\Local\Programs\Microsoft VS Code\bin;C:\Users\Annamalai\Downloads\eclipse-jee-2019-03-R-win32-x86_64\eclipse;;.]
2021-01-21 04:43:37  INFO [localhost-startStop-1] org.apache.jasper.servlet.TldScanner [log] - At least one JAR was scanned for TLDs yet contained no TLDs. Enable debug logging for this logger for a complete list of JARs that were scanned but no TLDs were found in them. Skipping unneeded JARs during scanning can improve startup time and JSP compilation time.
2021-01-21 04:43:37  INFO [localhost-startStop-1] org.apache.catalina.core.ContainerBase.[Tomcat].[localhost].[/InfyGoUserMS] [log] - Initializing Spring embedded WebApplicationContext
2021-01-21 04:43:37  INFO [localhost-startStop-1] org.springframework.web.context.ContextLoader [prepareWebApplicationContext] - Root WebApplicationContext: initialization completed in 16170 ms
2021-01-21 04:43:38  INFO [localhost-startStop-1] org.springframework.boot.web.servlet.ServletRegistrationBean [addRegistration] - Servlet dispatcherServlet mapped to [/]
2021-01-21 04:43:38  INFO [localhost-startStop-1] org.springframework.boot.web.servlet.FilterRegistrationBean [configure] - Mapping filter: 'characterEncodingFilter' to: [/*]
2021-01-21 04:43:38  INFO [localhost-startStop-1] org.springframework.boot.web.servlet.FilterRegistrationBean [configure] - Mapping filter: 'hiddenHttpMethodFilter' to: [/*]
2021-01-21 04:43:38  INFO [localhost-startStop-1] org.springframework.boot.web.servlet.FilterRegistrationBean [configure] - Mapping filter: 'httpPutFormContentFilter' to: [/*]
2021-01-21 04:43:38  INFO [localhost-startStop-1] org.springframework.boot.web.servlet.FilterRegistrationBean [configure] - Mapping filter: 'requestContextFilter' to: [/*]
2021-01-21 04:43:38  INFO [localhost-startStop-1] org.springframework.boot.web.servlet.FilterRegistrationBean [configure] - Mapping filter: 'corsFilter' to: [/*]
2021-01-21 04:43:40  INFO [main] com.zaxxer.hikari.HikariDataSource [getConnection] - HikariPool-1 - Starting...
2021-01-21 04:43:52  INFO [main] com.zaxxer.hikari.HikariDataSource [getConnection] - HikariPool-1 - Start completed.
2021-01-21 04:43:53  INFO [main] org.springframework.orm.jpa.LocalContainerEntityManagerFactoryBean [createNativeEntityManagerFactory] - Building JPA container EntityManagerFactory for persistence unit 'default'
2021-01-21 04:43:53  INFO [main] org.hibernate.jpa.internal.util.LogHelper [logPersistenceUnitInformation] - HHH000204: Processing PersistenceUnitInfo [
	name: default
	...]
2021-01-21 04:43:55  INFO [main] org.hibernate.Version [logVersion] - HHH000412: Hibernate Core {5.2.16.Final}
2021-01-21 04:43:55  INFO [main] org.hibernate.cfg.Environment [<clinit>] - HHH000206: hibernate.properties not found
2021-01-21 04:43:56  INFO [main] org.hibernate.annotations.common.Version [<clinit>] - HCANN000001: Hibernate Commons Annotations {5.0.1.Final}
2021-01-21 04:43:57  INFO [main] org.hibernate.dialect.Dialect [<init>] - HHH000400: Using dialect: org.hibernate.dialect.MySQL5Dialect
2021-01-21 04:44:02  INFO [main] org.springframework.orm.jpa.LocalContainerEntityManagerFactoryBean [buildNativeEntityManagerFactory] - Initialized JPA EntityManagerFactory for persistence unit 'default'
2021-01-21 04:44:04  INFO [main] org.springframework.web.servlet.handler.SimpleUrlHandlerMapping [registerHandler] - Mapped URL path [/**/favicon.ico] onto handler of type [class org.springframework.web.servlet.resource.ResourceHttpRequestHandler]
2021-01-21 04:44:05  INFO [main] org.springframework.web.servlet.mvc.method.annotation.RequestMappingHandlerAdapter [initControllerAdviceCache] - Looking for @ControllerAdvice: org.springframework.boot.web.servlet.context.AnnotationConfigServletWebServerApplicationContext@f6efaab: startup date [Thu Jan 21 10:13:21 IST 2021]; root of context hierarchy
2021-01-21 04:44:05  WARN [main] org.springframework.boot.autoconfigure.orm.jpa.JpaBaseConfiguration$JpaWebConfiguration$JpaWebMvcConfiguration [openEntityManagerInViewInterceptor] - spring.jpa.open-in-view is enabled by default. Therefore, database queries may be performed during view rendering. Explicitly configure spring.jpa.open-in-view to disable this warning
2021-01-21 04:44:05  INFO [main] org.springframework.web.servlet.mvc.method.annotation.RequestMappingHandlerMapping [register] - Mapped "{[/register],methods=[POST]}" onto public org.springframework.http.ResponseEntity<java.lang.Boolean> com.infy.irs.controller.UserController.customer(com.infy.irs.entity.Customer) throws com.infy.irs.exception.InfyGoServiceException
2021-01-21 04:44:05  INFO [main] org.springframework.web.servlet.mvc.method.annotation.RequestMappingHandlerMapping [register] - Mapped "{[/login],methods=[POST],consumes=[application/json]}" onto public org.springframework.http.ResponseEntity<java.lang.Boolean> com.infy.irs.controller.UserController.Validate(com.infy.irs.dto.LoginDetails) throws com.infy.irs.exception.InfyGoServiceException
2021-01-21 04:44:05  INFO [main] org.springframework.web.servlet.mvc.method.annotation.RequestMappingHandlerMapping [register] - Mapped "{[/error]}" onto public org.springframework.http.ResponseEntity<java.util.Map<java.lang.String, java.lang.Object>> org.springframework.boot.autoconfigure.web.servlet.error.BasicErrorController.error(javax.servlet.http.HttpServletRequest)
2021-01-21 04:44:05  INFO [main] org.springframework.web.servlet.mvc.method.annotation.RequestMappingHandlerMapping [register] - Mapped "{[/error],produces=[text/html]}" onto public org.springframework.web.servlet.ModelAndView org.springframework.boot.autoconfigure.web.servlet.error.BasicErrorController.errorHtml(javax.servlet.http.HttpServletRequest,javax.servlet.http.HttpServletResponse)
2021-01-21 04:44:05  INFO [main] org.springframework.web.servlet.handler.SimpleUrlHandlerMapping [registerHandler] - Mapped URL path [/webjars/**] onto handler of type [class org.springframework.web.servlet.resource.ResourceHttpRequestHandler]
2021-01-21 04:44:05  INFO [main] org.springframework.web.servlet.handler.SimpleUrlHandlerMapping [registerHandler] - Mapped URL path [/**] onto handler of type [class org.springframework.web.servlet.resource.ResourceHttpRequestHandler]
2021-01-21 04:44:10  INFO [main] org.springframework.jmx.export.annotation.AnnotationMBeanExporter [afterSingletonsInstantiated] - Registering beans for JMX exposure on startup
2021-01-21 04:44:10  INFO [main] org.springframework.jmx.export.annotation.AnnotationMBeanExporter [autodetect] - Bean with name 'dataSource' has been autodetected for JMX exposure
2021-01-21 04:44:10  INFO [main] org.springframework.jmx.export.annotation.AnnotationMBeanExporter [registerBeanInstance] - Located MBean 'dataSource': registering with JMX server as MBean [com.zaxxer.hikari:name=dataSource,type=HikariDataSource]
2021-01-21 04:44:10  INFO [main] org.springframework.context.support.DefaultLifecycleProcessor [start] - Starting beans in phase 2147483647
2021-01-21 04:44:11  INFO [main] org.springframework.boot.web.embedded.tomcat.TomcatWebServer [start] - Tomcat started on port(s): 8001 (http) with context path '/InfyGoUserMS'
2021-01-21 04:44:11  INFO [main] com.infy.irs.InfyGoUserMSApplication [logStarted] - Started InfyGoUserMSApplication in 58.155 seconds (JVM running for 67.586)
2021-01-21 04:44:25  INFO [http-nio-8001-exec-1] org.apache.catalina.core.ContainerBase.[Tomcat].[localhost].[/InfyGoUserMS] [log] - Initializing Spring FrameworkServlet 'dispatcherServlet'
2021-01-21 04:44:25  INFO [http-nio-8001-exec-1] org.springframework.web.servlet.DispatcherServlet [initServletBean] - FrameworkServlet 'dispatcherServlet': initialization started
2021-01-21 04:44:25  INFO [http-nio-8001-exec-1] org.springframework.web.servlet.DispatcherServlet [initServletBean] - FrameworkServlet 'dispatcherServlet': initialization completed in 31 ms
2021-01-21 04:47:17  INFO [RMI TCP Connection(13)-127.0.0.1] org.springframework.boot.admin.SpringApplicationAdminMXBeanRegistrar$SpringApplicationAdmin [shutdown] - Application shutdown requested.
2021-01-21 04:47:17  INFO [RMI TCP Connection(13)-127.0.0.1] org.springframework.boot.web.servlet.context.AnnotationConfigServletWebServerApplicationContext [doClose] - Closing org.springframework.boot.web.servlet.context.AnnotationConfigServletWebServerApplicationContext@f6efaab: startup date [Thu Jan 21 10:13:21 IST 2021]; root of context hierarchy
2021-01-21 04:47:17  INFO [RMI TCP Connection(13)-127.0.0.1] org.springframework.context.support.DefaultLifecycleProcessor [stop] - Stopping beans in phase 2147483647
2021-01-21 04:47:17  INFO [RMI TCP Connection(15)-127.0.0.1] org.springframework.boot.admin.SpringApplicationAdminMXBeanRegistrar$SpringApplicationAdmin [shutdown] - Application shutdown requested.
2021-01-21 04:47:17  INFO [RMI TCP Connection(13)-127.0.0.1] org.springframework.jmx.export.annotation.AnnotationMBeanExporter [destroy] - Unregistering JMX-exposed beans on shutdown
2021-01-21 04:47:17  INFO [RMI TCP Connection(13)-127.0.0.1] org.springframework.jmx.export.annotation.AnnotationMBeanExporter [unregisterBeans] - Unregistering JMX-exposed beans
2021-01-21 04:47:17  INFO [RMI TCP Connection(13)-127.0.0.1] org.springframework.orm.jpa.LocalContainerEntityManagerFactoryBean [destroy] - Closing JPA EntityManagerFactory for persistence unit 'default'
2021-01-21 04:47:17  INFO [RMI TCP Connection(13)-127.0.0.1] com.zaxxer.hikari.HikariDataSource [close] - HikariPool-1 - Shutdown initiated...
2021-01-21 04:47:17  INFO [RMI TCP Connection(13)-127.0.0.1] com.zaxxer.hikari.HikariDataSource [close] - HikariPool-1 - Shutdown completed.
